\BOOKMARK [0][-]{chapter.1}{Cinematica del punto}{}% 1
\BOOKMARK [1][-]{section.1.1}{Introduzione}{chapter.1}% 2
\BOOKMARK [2][-]{subsection.1.1.1}{Punto materiale}{section.1.1}% 3
\BOOKMARK [2][-]{subsection.1.1.2}{Movimenti di un corpo esteso}{section.1.1}% 4
\BOOKMARK [2][-]{subsection.1.1.3}{Cinematica}{section.1.1}% 5
\BOOKMARK [2][-]{subsection.1.1.4}{Determinare il moto}{section.1.1}% 6
\BOOKMARK [2][-]{subsection.1.1.5}{Traiettoria}{section.1.1}% 7
\BOOKMARK [2][-]{subsection.1.1.6}{Grandezze fondamentali}{section.1.1}% 8
\BOOKMARK [2][-]{subsection.1.1.7}{Quiete}{section.1.1}% 9
\BOOKMARK [1][-]{section.1.2}{Moto rettilineo}{chapter.1}% 10
\BOOKMARK [2][-]{subsection.1.2.1}{Descrizione}{section.1.2}% 11
\BOOKMARK [2][-]{subsection.1.2.2}{Rappresentazione}{section.1.2}% 12
\BOOKMARK [2][-]{subsection.1.2.3}{Velocit\340}{section.1.2}% 13
\BOOKMARK [2][-]{subsection.1.2.4}{Accelerazione}{section.1.2}% 14
\BOOKMARK [2][-]{subsection.1.2.5}{Moto verticale di un corpo}{section.1.2}% 15
\BOOKMARK [2][-]{subsection.1.2.6}{Moto armonico semplice}{section.1.2}% 16
\BOOKMARK [2][-]{subsection.1.2.7}{Moto rettilineo smorzato esponenzialmente}{section.1.2}% 17
\BOOKMARK [1][-]{section.1.3}{Moto nel piano}{chapter.1}% 18
\BOOKMARK [2][-]{subsection.1.3.1}{Posizione}{section.1.3}% 19
\BOOKMARK [2][-]{subsection.1.3.2}{Velocit\340 vettoriale}{section.1.3}% 20
\BOOKMARK [2][-]{subsection.1.3.3}{Accelerazione nel moto piano}{section.1.3}% 21
\BOOKMARK [2][-]{subsection.1.3.4}{Moto circolare}{section.1.3}% 22
\BOOKMARK [2][-]{subsection.1.3.5}{Moto parabolico dei corpi}{section.1.3}% 23
